<?xml version="1.0" encoding="UTF-8"?>
<!-- Generated by org.testng.reporters.JUnitReportReporter -->
<testsuite hostname="MHYD16BA70EF" failures="0" tests="5" name="Tests.ProductsTest" time="19.201" errors="0" timestamp="2021-12-11T15:35:38 IST" skipped="0">
  <testcase classname="Tests.ProductsTest" name="verifyDirectGlobalSearch" time="2.067"/>
  <system-out/>
  <testcase classname="Tests.ProductsTest" name="verifySearchCriteriaIncludingDescription" time="2.146"/>
  <system-out/>
  <testcase classname="Tests.ProductsTest" name="verifySearchCriteriaInLaptopCategory" time="2.106"/>
  <system-out/>
  <testcase classname="Tests.ProductsTest" name="verifySearchCriteriaIncludingSubCategories" time="2.185"/>
  <system-out/>
  <testcase classname="Tests.ProductsTest" name="addDifferentProductsToCart" time="10.697"/>
  <system-out/>
</testsuite> <!-- Tests.ProductsTest -->
