<?xml version="1.0" encoding="UTF-8"?>
<!-- Generated by org.testng.reporters.JUnitReportReporter -->
<testsuite hostname="MHYD16BA70EF" failures="0" tests="2" name="Tests.A_LoginTest" time="7.938" errors="0" timestamp="2021-12-11T15:48:50 IST" skipped="0">
  <testcase classname="Tests.A_LoginTest" name="verifyRegistration" time="3.472"/>
  <system-out/>
  <testcase classname="Tests.A_LoginTest" name="verifyLoginToApplication" time="4.466"/>
  <system-out/>
</testsuite> <!-- Tests.A_LoginTest -->
