<?xml version="1.0" encoding="UTF-8"?>
<!-- Generated by org.testng.reporters.JUnitReportReporter -->
<testsuite hostname="MHYD16BA70EF" failures="0" tests="2" name="Tests.LoginTest" time="7.492" errors="0" timestamp="2021-12-11T15:35:38 IST" skipped="0">
  <testcase classname="Tests.LoginTest" name="verifyRegistration" time="3.462"/>
  <system-out/>
  <testcase classname="Tests.LoginTest" name="verifyLoginToApplication" time="4.030"/>
  <system-out/>
</testsuite> <!-- Tests.LoginTest -->
