<?xml version="1.0" encoding="UTF-8"?>
<!-- Generated by org.testng.reporters.JUnitReportReporter -->
<testsuite hostname="MHYD16BA70EF" failures="0" tests="1" name="Tests.C_CheckoutTest" time="4.276" errors="0" timestamp="2021-12-11T15:48:50 IST" skipped="0">
  <testcase classname="Tests.C_CheckoutTest" name="verifyCheckout" time="4.276"/>
  <system-out/>
</testsuite> <!-- Tests.C_CheckoutTest -->
