<?xml version="1.0" encoding="UTF-8"?>
<!-- Generated by org.testng.reporters.JUnitReportReporter -->
<testsuite hostname="MHYD16BA70EF" failures="0" tests="1" name="Tests.HomeTest" time="0.001" errors="0" timestamp="2021-12-08T22:14:33 IST" skipped="0">
  <testcase classname="Tests.HomeTest" name="doSignup" time="0.001"/>
  <system-out/>
</testsuite> <!-- Tests.HomeTest -->
