<?xml version="1.0" encoding="UTF-8"?>
<!-- Generated by org.testng.reporters.JUnitReportReporter -->
<testsuite hostname="MHYD16BA70EF" failures="0" tests="1" name="Tests.CheckoutTest" time="4.445" errors="0" timestamp="2021-12-11T15:35:38 IST" skipped="0">
  <testcase classname="Tests.CheckoutTest" name="verifyCheckout" time="4.445"/>
  <system-out/>
</testsuite> <!-- Tests.CheckoutTest -->
