<?xml version="1.0" encoding="UTF-8"?>
<!-- Generated by org.testng.reporters.JUnitReportReporter -->
<testsuite hostname="MHYD16BA70EF" failures="0" tests="5" name="Tests.B_ProductsTest" time="18.007" errors="0" timestamp="2021-12-11T15:48:50 IST" skipped="0">
  <testcase classname="Tests.B_ProductsTest" name="verifyDirectGlobalSearch" time="1.775"/>
  <system-out/>
  <testcase classname="Tests.B_ProductsTest" name="verifySearchCriteriaIncludingDescription" time="1.726"/>
  <system-out/>
  <testcase classname="Tests.B_ProductsTest" name="verifySearchCriteriaInLaptopCategory" time="2.092"/>
  <system-out/>
  <testcase classname="Tests.B_ProductsTest" name="verifySearchCriteriaIncludingSubCategories" time="2.038"/>
  <system-out/>
  <testcase classname="Tests.B_ProductsTest" name="addDifferentProductsToCart" time="10.376"/>
  <system-out/>
</testsuite> <!-- Tests.B_ProductsTest -->
