<?xml version="1.0" encoding="UTF-8"?>
<!-- Generated by org.testng.reporters.JUnitReportReporter -->
<testsuite skipped="0" hostname="MHYD16BA70EF" name="Tests.A_LoginTest" tests="2" failures="0" timestamp="2021-12-11T15:54:43 IST" time="7.744" errors="0">
  <testcase name="verifyRegistration" time="3.429" classname="Tests.A_LoginTest"/>
  <system-out/>
  <testcase name="verifyLoginToApplication" time="4.315" classname="Tests.A_LoginTest"/>
  <system-out/>
</testsuite> <!-- Tests.A_LoginTest -->
