<?xml version="1.0" encoding="UTF-8"?>
<!-- Generated by org.testng.reporters.JUnitReportReporter -->
<testsuite skipped="0" hostname="MHYD16BA70EF" name="Tests.C_CheckoutTest" tests="1" failures="0" timestamp="2021-12-11T15:54:43 IST" time="4.638" errors="0">
  <testcase name="verifyCheckout" time="4.638" classname="Tests.C_CheckoutTest"/>
  <system-out/>
</testsuite> <!-- Tests.C_CheckoutTest -->
