<?xml version="1.0" encoding="UTF-8"?>
<!-- Generated by org.testng.reporters.JUnitReportReporter -->
<testsuite skipped="0" hostname="MHYD16BA70EF" name="Tests.B_ProductsTest" tests="5" failures="0" timestamp="2021-12-11T15:54:42 IST" time="28.277" errors="0">
  <testcase name="verifyDirectGlobalSearch" time="2.309" classname="Tests.B_ProductsTest"/>
  <system-out/>
  <testcase name="verifySearchCriteriaIncludingDescription" time="11.094" classname="Tests.B_ProductsTest"/>
  <system-out/>
  <testcase name="verifySearchCriteriaInLaptopCategory" time="2.092" classname="Tests.B_ProductsTest"/>
  <system-out/>
  <testcase name="verifySearchCriteriaIncludingSubCategories" time="1.865" classname="Tests.B_ProductsTest"/>
  <system-out/>
  <testcase name="addDifferentProductsToCart" time="10.917" classname="Tests.B_ProductsTest"/>
  <system-out/>
</testsuite> <!-- Tests.B_ProductsTest -->
